Using pre-set license
Built from '2021.1/release' branch; Version is '2021.1.1f1 (6fdc41dfa55a) revision 7330881'; Using compiler version '192528614'; Build Type 'Release'
OS: 'Windows 10 Pro N; OS build 17763.615; Version 1809; 64bit' Language: 'en' Physical Memory: 16317 MB
BatchMode: 1, IsHumanControllingUs: 0, StartBugReporterOnCrash: 0, Is64bit: 1, IsPro: 0

 COMMAND LINE ARGUMENTS:
C:\Program Files\Unity\Hub\Editor\2021.1.1f1\Editor\Unity.exe
-adb2
-batchMode
-noUpm
-name
AssetImportWorker1
-projectPath
D:/Unity projects/TryingOut
-logFile
Logs/AssetImportWorker1.log
-srvPort
59171
Successfully changed project path to: D:/Unity projects/TryingOut
D:/Unity projects/TryingOut
Using Asset Import Pipeline V2.
Refreshing native plugins compatible for Editor in 17.63 ms, found 0 plugins.
Preloading 0 native plugins for Editor in 0.00 ms.
Initialize engine version: 2021.1.1f1 (6fdc41dfa55a)
[Subsystems] Discovering subsystems at path C:/Program Files/Unity/Hub/Editor/2021.1.1f1/Editor/Data/Resources/UnitySubsystems
[Subsystems] Discovering subsystems at path D:/Unity projects/TryingOut/Assets
GfxDevice: creating device client; threaded=0; jobified=0
Direct3D:
    Version:  Direct3D 11.0 [level 11.1]
    Renderer: NVIDIA GeForce GTX 1070 Ti (ID=0x1b82)
    Vendor:   NVIDIA
    VRAM:     8079 MB
    Driver:   27.21.14.6109
Initialize mono
Mono path[0] = 'C:/Program Files/Unity/Hub/Editor/2021.1.1f1/Editor/Data/Managed'
Mono path[1] = 'C:/Program Files/Unity/Hub/Editor/2021.1.1f1/Editor/Data/MonoBleedingEdge/lib/mono/unityjit'
Mono config path = 'C:/Program Files/Unity/Hub/Editor/2021.1.1f1/Editor/Data/MonoBleedingEdge/etc'
Using monoOptions --debugger-agent=transport=dt_socket,embedding=1,server=y,suspend=n,address=127.0.0.1:56748
Begin MonoManager ReloadAssembly
Registering precompiled unity dll's ...
Register platform support module: C:/Program Files/Unity/Hub/Editor/2021.1.1f1/Editor/Data/PlaybackEngines/WebGLSupport/UnityEditor.WebGL.Extensions.dll
Register platform support module: C:/Program Files/Unity/Hub/Editor/2021.1.1f1/Editor/Data/PlaybackEngines/WindowsStandaloneSupport/UnityEditor.WindowsStandalone.Extensions.dll
Register platform support module: C:/Program Files/Unity/Hub/Editor/2021.1.1f1/Editor/Data/PlaybackEngines/LuminSupport/UnityEditor.Lumin.Extensions.dll
Registered in 0.001723 seconds.
Native extension for Lumin target not found
Native extension for WindowsStandalone target not found
Native extension for WebGL target not found
Refreshing native plugins compatible for Editor in 19.09 ms, found 0 plugins.
Preloading 0 native plugins for Editor in 0.00 ms.
Mono: successfully reloaded assembly
- Completed reload, in  1.717 seconds
Platform modules already initialized, skipping
Registering precompiled user dll's ...
Registered in 0.000388 seconds.
Begin MonoManager ReloadAssembly
Native extension for Lumin target not found
Native extension for WindowsStandalone target not found
Native extension for WebGL target not found
Refreshing native plugins compatible for Editor in 0.18 ms, found 0 plugins.
Preloading 0 native plugins for Editor in 0.00 ms.
Mono: successfully reloaded assembly
- Completed reload, in  0.720 seconds
Platform modules already initialized, skipping
========================================================================
Worker process is ready to serve import requests
Launched and connected shader compiler UnityShaderCompiler.exe after 0.05 seconds
Refreshing native plugins compatible for Editor in 0.19 ms, found 0 plugins.
Preloading 0 native plugins for Editor in 0.00 ms.
Unloading 1127 Unused Serialized files (Serialized files now loaded: 0)
System memory in use before: 58.4 MB.
System memory in use after: 58.5 MB.

Unloading 9 unused Assets to reduce memory usage. Loaded Objects now: 1586.
Total: 1.501300 ms (FindLiveObjects: 0.089900 ms CreateObjectMapping: 0.027400 ms MarkObjects: 1.339100 ms  DeleteObjects: 0.044300 ms)

========================================================================
Received Import Request.
  path: Assets/circleItem.png
  artifactKey: Guid(76e4f78462d222145b792dde2d15583c) Importer(815301076,1909f56bfc062723c751e8b465ee728b)
Start importing Assets/circleItem.png using Guid(76e4f78462d222145b792dde2d15583c) Importer(815301076,1909f56bfc062723c751e8b465ee728b)  -> (artifact id: '7489d037b317ba5defdac322e707af7b') in 0.079980 seconds 
========================================================================
Received Import Request.
  Time since last request: 2.704134 seconds.
  path: Assets/circleItem.png
  artifactKey: Guid(76e4f78462d222145b792dde2d15583c) Importer(815301076,1909f56bfc062723c751e8b465ee728b)
Start importing Assets/circleItem.png using Guid(76e4f78462d222145b792dde2d15583c) Importer(815301076,1909f56bfc062723c751e8b465ee728b)  -> (artifact id: '7b7c9022b9f53a7bc20506f8939d5752') in 0.040016 seconds 
========================================================================
Received Import Request.
  Time since last request: 1441.082860 seconds.
  path: Assets/MenuPart.png
  artifactKey: Guid(ed7c6afaa41061849856625147c4a0e9) Importer(815301076,1909f56bfc062723c751e8b465ee728b)
Start importing Assets/MenuPart.png using Guid(ed7c6afaa41061849856625147c4a0e9) Importer(815301076,1909f56bfc062723c751e8b465ee728b)  -> (artifact id: '4dffa8b95f87798f6be96b3068c73f90') in 0.007918 seconds 
========================================================================
Received Import Request.
  Time since last request: 4.422749 seconds.
  path: Assets/MenuPart.png
  artifactKey: Guid(ed7c6afaa41061849856625147c4a0e9) Importer(815301076,1909f56bfc062723c751e8b465ee728b)
Start importing Assets/MenuPart.png using Guid(ed7c6afaa41061849856625147c4a0e9) Importer(815301076,1909f56bfc062723c751e8b465ee728b)  -> (artifact id: '96cebb3c143658e5b329a9f211615124') in 0.015293 seconds 
========================================================================
Received Import Request.
  Time since last request: 884.868113 seconds.
  path: Assets/dasdadsasaasdas.png
  artifactKey: Guid(b3b99db78b173c7498e21fc9e729b900) Importer(815301076,1909f56bfc062723c751e8b465ee728b)
Start importing Assets/dasdadsasaasdas.png using Guid(b3b99db78b173c7498e21fc9e729b900) Importer(815301076,1909f56bfc062723c751e8b465ee728b)  -> (artifact id: 'f79345d08f7e3030ad342d270ef95034') in 0.005613 seconds 
========================================================================
Received Import Request.
  Time since last request: 6.551601 seconds.
  path: Assets/dasdadsasaasdas.png
  artifactKey: Guid(b3b99db78b173c7498e21fc9e729b900) Importer(815301076,1909f56bfc062723c751e8b465ee728b)
Start importing Assets/dasdadsasaasdas.png using Guid(b3b99db78b173c7498e21fc9e729b900) Importer(815301076,1909f56bfc062723c751e8b465ee728b)  -> (artifact id: 'a89d53b9c05ceb47c00da9fcc077c8b8') in 0.027022 seconds 
========================================================================
Received Prepare
Registering precompiled user dll's ...
Registered in 0.000428 seconds.
Begin MonoManager ReloadAssembly
Native extension for Lumin target not found
Native extension for WindowsStandalone target not found
Native extension for WebGL target not found
Refreshing native plugins compatible for Editor in 0.18 ms, found 0 plugins.
Preloading 0 native plugins for Editor in 0.00 ms.
Mono: successfully reloaded assembly
- Completed reload, in  0.739 seconds
Platform modules already initialized, skipping
Refreshing native plugins compatible for Editor in 0.18 ms, found 0 plugins.
Preloading 0 native plugins for Editor in 0.00 ms.
Unloading 1122 Unused Serialized files (Serialized files now loaded: 0)
System memory in use before: 66.7 MB.
System memory in use after: 66.8 MB.

Unloading 4 unused Assets to reduce memory usage. Loaded Objects now: 1684.
Total: 1.557200 ms (FindLiveObjects: 0.099800 ms CreateObjectMapping: 0.027800 ms MarkObjects: 1.418000 ms  DeleteObjects: 0.010600 ms)

========================================================================
Received Prepare
Registering precompiled user dll's ...
Registered in 0.000361 seconds.
Begin MonoManager ReloadAssembly
Native extension for Lumin target not found
Native extension for WindowsStandalone target not found
Native extension for WebGL target not found
Refreshing native plugins compatible for Editor in 0.18 ms, found 0 plugins.
Preloading 0 native plugins for Editor in 0.00 ms.
Mono: successfully reloaded assembly
- Completed reload, in  0.699 seconds
Platform modules already initialized, skipping
Refreshing native plugins compatible for Editor in 0.21 ms, found 0 plugins.
Preloading 0 native plugins for Editor in 0.00 ms.
Unloading 1121 Unused Serialized files (Serialized files now loaded: 0)
System memory in use before: 66.7 MB.
System memory in use after: 66.8 MB.

Unloading 4 unused Assets to reduce memory usage. Loaded Objects now: 1687.
Total: 1.670500 ms (FindLiveObjects: 0.110100 ms CreateObjectMapping: 0.033200 ms MarkObjects: 1.516400 ms  DeleteObjects: 0.010100 ms)

========================================================================
Received Prepare
Registering precompiled user dll's ...
Registered in 0.000364 seconds.
Begin MonoManager ReloadAssembly
Native extension for Lumin target not found
Native extension for WindowsStandalone target not found
Native extension for WebGL target not found
Refreshing native plugins compatible for Editor in 0.18 ms, found 0 plugins.
Preloading 0 native plugins for Editor in 0.00 ms.
Mono: successfully reloaded assembly
- Completed reload, in  0.704 seconds
Platform modules already initialized, skipping
Refreshing native plugins compatible for Editor in 0.24 ms, found 0 plugins.
Preloading 0 native plugins for Editor in 0.00 ms.
Unloading 1121 Unused Serialized files (Serialized files now loaded: 0)
System memory in use before: 66.7 MB.
System memory in use after: 66.8 MB.

Unloading 4 unused Assets to reduce memory usage. Loaded Objects now: 1690.
Total: 1.771300 ms (FindLiveObjects: 0.215600 ms CreateObjectMapping: 0.057800 ms MarkObjects: 1.485700 ms  DeleteObjects: 0.010800 ms)

========================================================================
Received Prepare
Registering precompiled user dll's ...
Registered in 0.000414 seconds.
Begin MonoManager ReloadAssembly
Native extension for Lumin target not found
Native extension for WindowsStandalone target not found
Native extension for WebGL target not found
Refreshing native plugins compatible for Editor in 0.18 ms, found 0 plugins.
Preloading 0 native plugins for Editor in 0.00 ms.
Mono: successfully reloaded assembly
- Completed reload, in  0.679 seconds
Platform modules already initialized, skipping
Refreshing native plugins compatible for Editor in 0.17 ms, found 0 plugins.
Preloading 0 native plugins for Editor in 0.00 ms.
Unloading 1121 Unused Serialized files (Serialized files now loaded: 0)
System memory in use before: 66.8 MB.
System memory in use after: 66.9 MB.

Unloading 4 unused Assets to reduce memory usage. Loaded Objects now: 1693.
Total: 1.695100 ms (FindLiveObjects: 0.117600 ms CreateObjectMapping: 0.033200 ms MarkObjects: 1.533200 ms  DeleteObjects: 0.010200 ms)

========================================================================
Received Prepare
Registering precompiled user dll's ...
Registered in 0.000517 seconds.
Begin MonoManager ReloadAssembly
Native extension for Lumin target not found
Native extension for WindowsStandalone target not found
Native extension for WebGL target not found
Refreshing native plugins compatible for Editor in 0.18 ms, found 0 plugins.
Preloading 0 native plugins for Editor in 0.00 ms.
Mono: successfully reloaded assembly
- Completed reload, in  0.679 seconds
Platform modules already initialized, skipping
Refreshing native plugins compatible for Editor in 0.18 ms, found 0 plugins.
Preloading 0 native plugins for Editor in 0.00 ms.
Unloading 1121 Unused Serialized files (Serialized files now loaded: 0)
System memory in use before: 66.8 MB.
System memory in use after: 66.9 MB.

Unloading 4 unused Assets to reduce memory usage. Loaded Objects now: 1696.
Total: 1.620900 ms (FindLiveObjects: 0.112500 ms CreateObjectMapping: 0.031700 ms MarkObjects: 1.465700 ms  DeleteObjects: 0.010100 ms)

========================================================================
Received Prepare
Registering precompiled user dll's ...
Registered in 0.000437 seconds.
Begin MonoManager ReloadAssembly
Native extension for Lumin target not found
Native extension for WindowsStandalone target not found
Native extension for WebGL target not found
Refreshing native plugins compatible for Editor in 0.20 ms, found 0 plugins.
Preloading 0 native plugins for Editor in 0.00 ms.
Mono: successfully reloaded assembly
- Completed reload, in  0.671 seconds
Platform modules already initialized, skipping
Refreshing native plugins compatible for Editor in 0.17 ms, found 0 plugins.
Preloading 0 native plugins for Editor in 0.00 ms.
Unloading 1121 Unused Serialized files (Serialized files now loaded: 0)
System memory in use before: 66.8 MB.
System memory in use after: 66.9 MB.

Unloading 4 unused Assets to reduce memory usage. Loaded Objects now: 1699.
Total: 5.185600 ms (FindLiveObjects: 0.274500 ms CreateObjectMapping: 0.098800 ms MarkObjects: 4.777800 ms  DeleteObjects: 0.032300 ms)

========================================================================
Received Import Request.
  Time since last request: 561.134899 seconds.
  path: Assets/features
  artifactKey: Guid(a70ea2ea1133fda4f9b509306fd682fe) Importer(815301076,1909f56bfc062723c751e8b465ee728b)
Start importing Assets/features using Guid(a70ea2ea1133fda4f9b509306fd682fe) Importer(815301076,1909f56bfc062723c751e8b465ee728b)  -> (artifact id: '13129dfaba3f996a4de3396184044e81') in 0.002773 seconds 
========================================================================
Received Import Request.
  Time since last request: 8.347162 seconds.
  path: Assets/features/wall generator
  artifactKey: Guid(8b1890a783941874e9ed41620d96ef1f) Importer(815301076,1909f56bfc062723c751e8b465ee728b)
Start importing Assets/features/wall generator using Guid(8b1890a783941874e9ed41620d96ef1f) Importer(815301076,1909f56bfc062723c751e8b465ee728b)  -> (artifact id: '43915649d9e60f20c508ed6da4207a58') in 0.001079 seconds 
========================================================================
Received Prepare
Registering precompiled user dll's ...
Registered in 0.000390 seconds.
Begin MonoManager ReloadAssembly
Native extension for Lumin target not found
Native extension for WindowsStandalone target not found
Native extension for WebGL target not found
Refreshing native plugins compatible for Editor in 0.18 ms, found 0 plugins.
Preloading 0 native plugins for Editor in 0.00 ms.
Mono: successfully reloaded assembly
- Completed reload, in  0.710 seconds
Platform modules already initialized, skipping
Refreshing native plugins compatible for Editor in 0.29 ms, found 0 plugins.
Preloading 0 native plugins for Editor in 0.00 ms.
Unloading 1121 Unused Serialized files (Serialized files now loaded: 0)
System memory in use before: 66.8 MB.
System memory in use after: 66.9 MB.

Unloading 4 unused Assets to reduce memory usage. Loaded Objects now: 1702.
Total: 1.746900 ms (FindLiveObjects: 0.139600 ms CreateObjectMapping: 0.028600 ms MarkObjects: 1.566300 ms  DeleteObjects: 0.011700 ms)

========================================================================
Received Import Request.
  Time since last request: 25.446555 seconds.
  path: Assets/features/circularMenu
  artifactKey: Guid(488523aae6fb4c94aa0b61d8a5ee0fcc) Importer(815301076,1909f56bfc062723c751e8b465ee728b)
Start importing Assets/features/circularMenu using Guid(488523aae6fb4c94aa0b61d8a5ee0fcc) Importer(815301076,1909f56bfc062723c751e8b465ee728b)  -> (artifact id: 'f8b9bdd038df8360f6d7e54dce955dfb') in 0.002749 seconds 
========================================================================
Received Prepare
Registering precompiled user dll's ...
Registered in 0.000375 seconds.
Begin MonoManager ReloadAssembly
Native extension for Lumin target not found
Native extension for WindowsStandalone target not found
Native extension for WebGL target not found
Refreshing native plugins compatible for Editor in 0.18 ms, found 0 plugins.
Preloading 0 native plugins for Editor in 0.00 ms.
Mono: successfully reloaded assembly
- Completed reload, in  0.693 seconds
Platform modules already initialized, skipping
Refreshing native plugins compatible for Editor in 0.20 ms, found 0 plugins.
Preloading 0 native plugins for Editor in 0.00 ms.
Unloading 1121 Unused Serialized files (Serialized files now loaded: 0)
System memory in use before: 66.8 MB.
System memory in use after: 66.9 MB.

Unloading 4 unused Assets to reduce memory usage. Loaded Objects now: 1705.
Total: 1.560300 ms (FindLiveObjects: 0.111500 ms CreateObjectMapping: 0.031100 ms MarkObjects: 1.406100 ms  DeleteObjects: 0.010600 ms)

========================================================================
Received Import Request.
  Time since last request: 115.810655 seconds.
  path: Assets/features/circularMenu/MenuPart.png
  artifactKey: Guid(59e5f81485e5e304a95fe4d527ff0f30) Importer(815301076,1909f56bfc062723c751e8b465ee728b)
Start importing Assets/features/circularMenu/MenuPart.png using Guid(59e5f81485e5e304a95fe4d527ff0f30) Importer(815301076,1909f56bfc062723c751e8b465ee728b)  -> (artifact id: '8bcfe06178c77f7cf2af336523071c96') in 0.030566 seconds 
========================================================================
Received Import Request.
  Time since last request: 5.944389 seconds.
  path: Assets/features/circularMenu/MenuPart.png
  artifactKey: Guid(59e5f81485e5e304a95fe4d527ff0f30) Importer(815301076,1909f56bfc062723c751e8b465ee728b)
Start importing Assets/features/circularMenu/MenuPart.png using Guid(59e5f81485e5e304a95fe4d527ff0f30) Importer(815301076,1909f56bfc062723c751e8b465ee728b)  -> (artifact id: '6a533d7a71278dbf40147277745dd83a') in 0.020099 seconds 
========================================================================
Received Prepare
Registering precompiled user dll's ...
Registered in 0.000407 seconds.
Begin MonoManager ReloadAssembly
Native extension for Lumin target not found
Native extension for WindowsStandalone target not found
Native extension for WebGL target not found
Refreshing native plugins compatible for Editor in 0.19 ms, found 0 plugins.
Preloading 0 native plugins for Editor in 0.00 ms.
Mono: successfully reloaded assembly
- Completed reload, in  0.707 seconds
Platform modules already initialized, skipping
Refreshing native plugins compatible for Editor in 0.39 ms, found 0 plugins.
Preloading 0 native plugins for Editor in 0.00 ms.
Unloading 1122 Unused Serialized files (Serialized files now loaded: 0)
System memory in use before: 70.0 MB.
System memory in use after: 70.1 MB.

Unloading 4 unused Assets to reduce memory usage. Loaded Objects now: 1738.
Total: 1.651600 ms (FindLiveObjects: 0.146100 ms CreateObjectMapping: 0.044600 ms MarkObjects: 1.446400 ms  DeleteObjects: 0.013400 ms)

========================================================================
Received Import Request.
  Time since last request: 560.527709 seconds.
  path: Assets/features/circularMenu/MenuSelector.cs
  artifactKey: Guid(22fcd95937a991b499d57f35d57b819a) Importer(815301076,1909f56bfc062723c751e8b465ee728b)
Start importing Assets/features/circularMenu/MenuSelector.cs using Guid(22fcd95937a991b499d57f35d57b819a) Importer(815301076,1909f56bfc062723c751e8b465ee728b)  -> (artifact id: '57be4b4238c6e3b04eb33dedb0f0a4fa') in 0.006585 seconds 
========================================================================
Received Prepare
Registering precompiled user dll's ...
Registered in 0.000508 seconds.
Begin MonoManager ReloadAssembly
Native extension for Lumin target not found
Native extension for WindowsStandalone target not found
Native extension for WebGL target not found
Refreshing native plugins compatible for Editor in 0.19 ms, found 0 plugins.
Preloading 0 native plugins for Editor in 0.00 ms.
Mono: successfully reloaded assembly
- Completed reload, in  0.685 seconds
Platform modules already initialized, skipping
Refreshing native plugins compatible for Editor in 0.18 ms, found 0 plugins.
Preloading 0 native plugins for Editor in 0.00 ms.
Unloading 1121 Unused Serialized files (Serialized files now loaded: 0)
System memory in use before: 70.0 MB.
System memory in use after: 70.1 MB.

Unloading 4 unused Assets to reduce memory usage. Loaded Objects now: 1741.
Total: 1.582100 ms (FindLiveObjects: 0.111900 ms CreateObjectMapping: 0.031600 ms MarkObjects: 1.427600 ms  DeleteObjects: 0.010500 ms)

========================================================================
Received Import Request.
  Time since last request: 177.910689 seconds.
  path: Assets/features/circularMenu/MenuSelector.cs
  artifactKey: Guid(22fcd95937a991b499d57f35d57b819a) Importer(815301076,1909f56bfc062723c751e8b465ee728b)
Start importing Assets/features/circularMenu/MenuSelector.cs using Guid(22fcd95937a991b499d57f35d57b819a) Importer(815301076,1909f56bfc062723c751e8b465ee728b)  -> (artifact id: 'f6871b198e7ef18bf0a72fa681cc75fc') in 0.009527 seconds 
========================================================================
Received Prepare
Registering precompiled user dll's ...
Registered in 0.000391 seconds.
Begin MonoManager ReloadAssembly
Native extension for Lumin target not found
Native extension for WindowsStandalone target not found
Native extension for WebGL target not found
Refreshing native plugins compatible for Editor in 0.18 ms, found 0 plugins.
Preloading 0 native plugins for Editor in 0.00 ms.
Mono: successfully reloaded assembly
- Completed reload, in  0.692 seconds
Platform modules already initialized, skipping
Refreshing native plugins compatible for Editor in 0.23 ms, found 0 plugins.
Preloading 0 native plugins for Editor in 0.00 ms.
Unloading 1121 Unused Serialized files (Serialized files now loaded: 0)
System memory in use before: 70.0 MB.
System memory in use after: 70.1 MB.

Unloading 4 unused Assets to reduce memory usage. Loaded Objects now: 1744.
Total: 1.540800 ms (FindLiveObjects: 0.113500 ms CreateObjectMapping: 0.033100 ms MarkObjects: 1.382800 ms  DeleteObjects: 0.010700 ms)

========================================================================
Received Prepare
Registering precompiled user dll's ...
Registered in 0.000415 seconds.
Begin MonoManager ReloadAssembly
Native extension for Lumin target not found
Native extension for WindowsStandalone target not found
Native extension for WebGL target not found
Refreshing native plugins compatible for Editor in 0.18 ms, found 0 plugins.
Preloading 0 native plugins for Editor in 0.00 ms.
Mono: successfully reloaded assembly
- Completed reload, in  0.687 seconds
Platform modules already initialized, skipping
Refreshing native plugins compatible for Editor in 0.18 ms, found 0 plugins.
Preloading 0 native plugins for Editor in 0.00 ms.
Unloading 1121 Unused Serialized files (Serialized files now loaded: 0)
System memory in use before: 70.0 MB.
System memory in use after: 70.1 MB.

Unloading 4 unused Assets to reduce memory usage. Loaded Objects now: 1747.
Total: 1.810400 ms (FindLiveObjects: 0.121200 ms CreateObjectMapping: 0.033000 ms MarkObjects: 1.643500 ms  DeleteObjects: 0.011900 ms)

========================================================================
Received Prepare
Registering precompiled user dll's ...
Registered in 0.000388 seconds.
Begin MonoManager ReloadAssembly
Native extension for Lumin target not found
Native extension for WindowsStandalone target not found
Native extension for WebGL target not found
Refreshing native plugins compatible for Editor in 0.19 ms, found 0 plugins.
Preloading 0 native plugins for Editor in 0.00 ms.
Mono: successfully reloaded assembly
- Completed reload, in  0.710 seconds
Platform modules already initialized, skipping
Refreshing native plugins compatible for Editor in 0.18 ms, found 0 plugins.
Preloading 0 native plugins for Editor in 0.00 ms.
Unloading 1121 Unused Serialized files (Serialized files now loaded: 0)
System memory in use before: 70.0 MB.
System memory in use after: 70.1 MB.

Unloading 4 unused Assets to reduce memory usage. Loaded Objects now: 1750.
Total: 1.546500 ms (FindLiveObjects: 0.111600 ms CreateObjectMapping: 0.030900 ms MarkObjects: 1.393200 ms  DeleteObjects: 0.010300 ms)

========================================================================
Received Prepare
Registering precompiled user dll's ...
Registered in 0.000374 seconds.
Begin MonoManager ReloadAssembly
Native extension for Lumin target not found
Native extension for WindowsStandalone target not found
Native extension for WebGL target not found
Refreshing native plugins compatible for Editor in 0.20 ms, found 0 plugins.
Preloading 0 native plugins for Editor in 0.00 ms.
Mono: successfully reloaded assembly
- Completed reload, in  0.672 seconds
Platform modules already initialized, skipping
Refreshing native plugins compatible for Editor in 0.19 ms, found 0 plugins.
Preloading 0 native plugins for Editor in 0.00 ms.
Unloading 1121 Unused Serialized files (Serialized files now loaded: 0)
System memory in use before: 70.0 MB.
System memory in use after: 70.1 MB.

Unloading 4 unused Assets to reduce memory usage. Loaded Objects now: 1753.
Total: 1.601500 ms (FindLiveObjects: 0.131100 ms CreateObjectMapping: 0.033600 ms MarkObjects: 1.425900 ms  DeleteObjects: 0.010100 ms)

========================================================================
Received Prepare
Registering precompiled user dll's ...
Registered in 0.000457 seconds.
Begin MonoManager ReloadAssembly
Native extension for Lumin target not found
Native extension for WindowsStandalone target not found
Native extension for WebGL target not found
Refreshing native plugins compatible for Editor in 0.19 ms, found 0 plugins.
Preloading 0 native plugins for Editor in 0.00 ms.
Mono: successfully reloaded assembly
- Completed reload, in  0.819 seconds
Platform modules already initialized, skipping
Refreshing native plugins compatible for Editor in 0.20 ms, found 0 plugins.
Preloading 0 native plugins for Editor in 0.00 ms.
Unloading 1121 Unused Serialized files (Serialized files now loaded: 0)
System memory in use before: 70.0 MB.
System memory in use after: 70.1 MB.

Unloading 4 unused Assets to reduce memory usage. Loaded Objects now: 1756.
Total: 1.698400 ms (FindLiveObjects: 0.129500 ms CreateObjectMapping: 0.036800 ms MarkObjects: 1.519800 ms  DeleteObjects: 0.011400 ms)

AssetImportWorkerClient::OnTransportError - code=2 error=End of file
